0      DEBUG 26-abr-2011 01:30:31 [main] org.igfay.jfig.JFig  - Processing file config.xml
0      DEBUG 26-abr-2011 01:30:31 [main] org.igfay.jfig.JFig  - Create XMLConfigParser
0      DEBUG 26-abr-2011 01:30:31 [main] org.igfay.util.PropertyUtility  - Setting keyword: :; Value: ;
0      DEBUG 26-abr-2011 01:30:31 [main] org.igfay.jfig.XMLJFigParser  - Process file config.xml
0      INFO  26-abr-2011 01:30:31 [main] org.igfay.jfig.XMLJFigParser  - Process file config.xml
16     DEBUG 26-abr-2011 01:30:31 [main] org.igfay.jfig.XMLJFigParser  - element

31     DEBUG 26-abr-2011 01:30:31 [main] org.igfay.jfig.XMLJFigParser  - process includes
31     DEBUG 26-abr-2011 01:30:31 [main] org.igfay.jfig.XMLJFigParser  - process sections
31     DEBUG 26-abr-2011 01:30:31 [main] org.igfay.jfig.JFigDictionary  - section: enviroment
31     DEBUG 26-abr-2011 01:30:31 [main] org.igfay.jfig.JFigDictionary  - Section enviroment Key: mac.address  Value: 00:13:D4:D0:86:12
31     DEBUG 26-abr-2011 01:30:31 [main] org.igfay.jfig.JFigDictionary  - Section enviroment Key: working.directory  Value: work/base
31     DEBUG 26-abr-2011 01:30:31 [main] org.igfay.jfig.JFigDictionary  - Section enviroment Key: webapp.directory  Value: work/base
31     DEBUG 26-abr-2011 01:30:31 [main] org.igfay.jfig.JFigDictionary  - Section enviroment Key: exception.syserr.logging  Value: true
31     DEBUG 26-abr-2011 01:30:31 [main] org.igfay.jfig.JFigDictionary  - Section enviroment Key: initializer.on  Value: true
31     DEBUG 26-abr-2011 01:30:31 [main] org.igfay.jfig.JFigDictionary  - Section enviroment Key: deny.remote.services  Value: false
31     DEBUG 26-abr-2011 01:30:31 [main] org.igfay.jfig.JFigDictionary  - Section enviroment Key: allow.anonymous.users  Value: true
31     DEBUG 26-abr-2011 01:30:31 [main] org.igfay.jfig.JFigDictionary  - section: webhostResolver
31     DEBUG 26-abr-2011 01:30:31 [main] org.igfay.jfig.JFigDictionary  - section: secureServices
31     DEBUG 26-abr-2011 01:30:31 [main] org.igfay.jfig.JFigDictionary  - section: hibernate
31     DEBUG 26-abr-2011 01:30:31 [main] org.igfay.jfig.JFigDictionary  - Section hibernate Key: alternateSessionFactories  Value: 
31     DEBUG 26-abr-2011 01:30:31 [main] org.igfay.jfig.JFigDictionary  - Section hibernate Key: ddl.recreateSchema  Value: true
31     DEBUG 26-abr-2011 01:30:31 [main] org.igfay.jfig.JFigDictionary  - Section hibernate Key: hibernate.connection.driver_class  Value: com.mysql.jdbc.Driver
31     DEBUG 26-abr-2011 01:30:31 [main] org.igfay.jfig.JFigDictionary  - Section hibernate Key: hibernate.connection.url  Value: jdbc:mysql://localhost:3306/test
31     DEBUG 26-abr-2011 01:30:31 [main] org.igfay.jfig.JFigDictionary  - Section hibernate Key: hibernate.connection.username  Value: root
31     DEBUG 26-abr-2011 01:30:31 [main] org.igfay.jfig.JFigDictionary  - Section hibernate Key: hibernate.connection.password  Value: root
31     DEBUG 26-abr-2011 01:30:31 [main] org.igfay.jfig.JFigDictionary  - Section hibernate Key: hibernate.connection.pool_size  Value: 5
31     DEBUG 26-abr-2011 01:30:31 [main] org.igfay.jfig.JFigDictionary  - Section hibernate Key: hibernate.dialect  Value: org.hibernate.dialect.MySQL5Dialec
31     DEBUG 26-abr-2011 01:30:31 [main] org.igfay.jfig.JFigDictionary  - Section hibernate Key: hibernate.cache.provider_class  Value: org.hibernate.connection.ConnectionProvider
31     DEBUG 26-abr-2011 01:30:31 [main] org.igfay.jfig.JFigDictionary  - Section hibernate Key: hibernate.cache.use_query_cache  Value: true
31     DEBUG 26-abr-2011 01:30:31 [main] org.igfay.jfig.JFigDictionary  - Section hibernate Key: hibernate.format_sql  Value: false
31     DEBUG 26-abr-2011 01:30:31 [main] org.igfay.jfig.JFigDictionary  - Section hibernate Key: hibernate.show_sql  Value: false
31     DEBUG 26-abr-2011 01:30:31 [main] org.igfay.jfig.JFigDictionary  - Section hibernate Key: hibernate.connection.provider_class  Value: org.hibernate.connection.ConnectionProvider
31     DEBUG 26-abr-2011 01:30:31 [main] org.igfay.jfig.JFigDictionary  - Section hibernate Key: hibernate.c3p0.acquire_increment  Value: 2
31     DEBUG 26-abr-2011 01:30:31 [main] org.igfay.jfig.JFigDictionary  - Section hibernate Key: hibernate.c3p0.idle_test_period  Value: 20
31     DEBUG 26-abr-2011 01:30:31 [main] org.igfay.jfig.JFigDictionary  - Section hibernate Key: hibernate.c3p0.max_size  Value: 30
31     DEBUG 26-abr-2011 01:30:31 [main] org.igfay.jfig.JFigDictionary  - Section hibernate Key: hibernate.c3p0.max_statements  Value: 0
31     DEBUG 26-abr-2011 01:30:31 [main] org.igfay.jfig.JFigDictionary  - Section hibernate Key: hibernate.c3p0.min_size  Value: 10
31     DEBUG 26-abr-2011 01:30:31 [main] org.igfay.jfig.JFigDictionary  - Section hibernate Key: hibernate.c3p0.timeout  Value: 60
31     DEBUG 26-abr-2011 01:30:31 [main] org.igfay.jfig.JFigDictionary  - Section hibernate Key: hibernate.c3p0.automatic_test_table  Value: industry
31     DEBUG 26-abr-2011 01:30:31 [main] org.igfay.jfig.JFigDictionary  - Section hibernate Key: hibernate.c3p0.idle_connection_test_period  Value: 20
31     DEBUG 26-abr-2011 01:30:31 [main] org.igfay.jfig.JFigDictionary  - Section hibernate Key: hibernate.bytecode.use_reflection_optimizer  Value: true
31     DEBUG 26-abr-2011 01:30:31 [main] org.igfay.jfig.JFigDictionary  - Section hibernate Key: hibernate.jdbc.use_streams_for_binary  Value: true
31     DEBUG 26-abr-2011 01:30:31 [main] org.igfay.jfig.JFigDictionary  - Section hibernate Key: hibernate.max_fetch_depth  Value: 10
31     DEBUG 26-abr-2011 01:30:31 [main] org.igfay.jfig.JFigDictionary  - Section hibernate Key: hibernate.jdbc.batch_size  Value: 20
31     DEBUG 26-abr-2011 01:30:31 [main] org.igfay.jfig.JFigDictionary  - Section hibernate Key: hibernate.jdbc.fetch_size  Value: 10
31     DEBUG 26-abr-2011 01:30:31 [main] org.igfay.jfig.JFigDictionary  - Section hibernate Key: hibernate.search.default.directory_provider  Value: org.hibernate.search.store.FSDirectoryProvider
31     DEBUG 26-abr-2011 01:30:31 [main] org.igfay.jfig.JFigDictionary  - Section hibernate Key: hibernate.search.analyzer  Value: ar.com.mindset.flexy.lucene.SpanishAnalyzer
31     DEBUG 26-abr-2011 01:30:31 [main] org.igfay.jfig.JFigDictionary  - section: modules
31     DEBUG 26-abr-2011 01:30:31 [main] org.igfay.jfig.JFigDictionary  - Section modules Key: package.prefix  Value: ar.com.syr.transporte
31     DEBUG 26-abr-2011 01:30:31 [main] org.igfay.jfig.JFigDictionary  - section: pagination
31     DEBUG 26-abr-2011 01:30:31 [main] org.igfay.jfig.JFigDictionary  - Section pagination Key: MAX_RESULT_PAGE  Value: 6
31     DEBUG 26-abr-2011 01:30:31 [main] org.igfay.jfig.JFigDictionary  - section: flex
31     DEBUG 26-abr-2011 01:30:31 [main] org.igfay.jfig.JFigDictionary  - Section flex Key: retainExceptionStackTrace  Value: true
31     DEBUG 26-abr-2011 01:30:31 [main] org.igfay.jfig.JFigDictionary  - section: webservice
31     DEBUG 26-abr-2011 01:30:31 [main] org.igfay.jfig.JFigDictionary  - Section webservice Key: attachment.directory  Value: attachments
31     DEBUG 26-abr-2011 01:30:31 [main] org.igfay.jfig.JFigDictionary  - Section webservice Key: attachment.outboundThreshold  Value: 5000000
31     DEBUG 26-abr-2011 01:30:31 [main] org.igfay.jfig.JFigDictionary  - Section webservice Key: attachment.inboundThreshold  Value: 5000000
31     DEBUG 26-abr-2011 01:30:31 [main] org.igfay.jfig.JFigDictionary  - section: mailing
47     DEBUG 26-abr-2011 01:30:31 [main] org.igfay.jfig.JFigDictionary  - Section mailing Key: user  Value: nny.fwk@gmail.com
47     DEBUG 26-abr-2011 01:30:31 [main] org.igfay.jfig.JFigDictionary  - Section mailing Key: password  Value: sarasaza
47     DEBUG 26-abr-2011 01:30:31 [main] org.igfay.jfig.JFigDictionary  - Section mailing Key: activated  Value: true
47     DEBUG 26-abr-2011 01:30:31 [main] org.igfay.jfig.JFigDictionary  - Section mailing Key: disabledAccount  Value: nny.fwk@gmail.com
47     DEBUG 26-abr-2011 01:30:31 [main] org.igfay.jfig.JFigDictionary  - Section mailing Key: from.defaultAddress  Value: nny.fwk@gmail.com
47     DEBUG 26-abr-2011 01:30:31 [main] org.igfay.jfig.JFigDictionary  - Section mailing Key: from.defaultSender  Value: NNY
47     DEBUG 26-abr-2011 01:30:31 [main] org.igfay.jfig.JFigDictionary  - Section mailing Key: mail.smtp.host  Value: smtp.gmail.com
47     DEBUG 26-abr-2011 01:30:31 [main] org.igfay.jfig.JFigDictionary  - Section mailing Key: mail.smtp.auth  Value: true
47     DEBUG 26-abr-2011 01:30:31 [main] org.igfay.jfig.JFigDictionary  - Section mailing Key: mail.debug  Value: true
47     DEBUG 26-abr-2011 01:30:31 [main] org.igfay.jfig.JFigDictionary  - Section mailing Key: mail.smtp.port  Value: 465
47     DEBUG 26-abr-2011 01:30:31 [main] org.igfay.jfig.JFigDictionary  - Section mailing Key: mail.smtp.socketFactory.port  Value: 465
47     DEBUG 26-abr-2011 01:30:31 [main] org.igfay.jfig.JFigDictionary  - Section mailing Key: mail.smtp.socketFactory.class  Value: javax.net.ssl.SSLSocketFactory
47     DEBUG 26-abr-2011 01:30:31 [main] org.igfay.jfig.JFigDictionary  - Section mailing Key: mail.smtp.socketFactory.fallback  Value: false
47     DEBUG 26-abr-2011 01:30:31 [main] org.igfay.jfig.JFigDictionary  - section: attachments
47     DEBUG 26-abr-2011 01:30:31 [main] org.igfay.jfig.JFigDictionary  - section: initialStatements
47     DEBUG 26-abr-2011 01:30:31 [main] org.igfay.jfig.JFigDictionary  - Section initialStatements Key: postPath  Value: [enviroment]{working.directory}/initialPostScript
47     DEBUG 26-abr-2011 01:30:31 [main] org.igfay.jfig.JFigDictionary  - Section initialStatements Key: prevPath  Value: [enviroment]{working.directory}/initialPrevScript
47     DEBUG 26-abr-2011 01:30:31 [main] org.igfay.jfig.JFigParser  - 
47     DEBUG 26-abr-2011 01:30:31 [main] ConfigDetail  - ~! sectionName attachments
47     DEBUG 26-abr-2011 01:30:31 [main] ConfigDetail  - ~! sectionName enviroment
47     DEBUG 26-abr-2011 01:30:31 [main] ConfigDetail  - section enviroment  key allow.anonymous.users  value true
47     DEBUG 26-abr-2011 01:30:31 [main] ConfigDetail  - section enviroment  key deny.remote.services  value false
47     DEBUG 26-abr-2011 01:30:31 [main] ConfigDetail  - section enviroment  key exception.syserr.logging  value true
47     DEBUG 26-abr-2011 01:30:31 [main] ConfigDetail  - section enviroment  key initializer.on  value true
47     DEBUG 26-abr-2011 01:30:31 [main] ConfigDetail  - section enviroment  key mac.address  value 00:13:D4:D0:86:12
47     DEBUG 26-abr-2011 01:30:31 [main] ConfigDetail  - section enviroment  key webapp.directory  value work/base
47     DEBUG 26-abr-2011 01:30:31 [main] ConfigDetail  - section enviroment  key working.directory  value work/base
47     DEBUG 26-abr-2011 01:30:31 [main] ConfigDetail  - ~! sectionName flex
47     DEBUG 26-abr-2011 01:30:31 [main] ConfigDetail  - section flex  key retainExceptionStackTrace  value true
47     DEBUG 26-abr-2011 01:30:31 [main] ConfigDetail  - ~! sectionName hibernate
47     DEBUG 26-abr-2011 01:30:31 [main] ConfigDetail  - section hibernate  key alternateSessionFactories  value 
47     DEBUG 26-abr-2011 01:30:31 [main] ConfigDetail  - section hibernate  key ddl.recreateSchema  value true
47     DEBUG 26-abr-2011 01:30:31 [main] ConfigDetail  - section hibernate  key hibernate.bytecode.use_reflection_optimizer  value true
47     DEBUG 26-abr-2011 01:30:31 [main] ConfigDetail  - section hibernate  key hibernate.c3p0.acquire_increment  value 2
47     DEBUG 26-abr-2011 01:30:31 [main] ConfigDetail  - section hibernate  key hibernate.c3p0.automatic_test_table  value industry
47     DEBUG 26-abr-2011 01:30:31 [main] ConfigDetail  - section hibernate  key hibernate.c3p0.idle_connection_test_period  value 20
47     DEBUG 26-abr-2011 01:30:31 [main] ConfigDetail  - section hibernate  key hibernate.c3p0.idle_test_period  value 20
47     DEBUG 26-abr-2011 01:30:31 [main] ConfigDetail  - section hibernate  key hibernate.c3p0.max_size  value 30
47     DEBUG 26-abr-2011 01:30:31 [main] ConfigDetail  - section hibernate  key hibernate.c3p0.max_statements  value 0
47     DEBUG 26-abr-2011 01:30:31 [main] ConfigDetail  - section hibernate  key hibernate.c3p0.min_size  value 10
47     DEBUG 26-abr-2011 01:30:31 [main] ConfigDetail  - section hibernate  key hibernate.c3p0.timeout  value 60
47     DEBUG 26-abr-2011 01:30:31 [main] ConfigDetail  - section hibernate  key hibernate.cache.provider_class  value org.hibernate.connection.ConnectionProvider
47     DEBUG 26-abr-2011 01:30:31 [main] ConfigDetail  - section hibernate  key hibernate.cache.use_query_cache  value true
47     DEBUG 26-abr-2011 01:30:31 [main] ConfigDetail  - section hibernate  key hibernate.connection.driver_class  value com.mysql.jdbc.Driver
47     DEBUG 26-abr-2011 01:30:31 [main] ConfigDetail  - section hibernate  key hibernate.connection.password  value root
47     DEBUG 26-abr-2011 01:30:31 [main] ConfigDetail  - section hibernate  key hibernate.connection.pool_size  value 5
47     DEBUG 26-abr-2011 01:30:31 [main] ConfigDetail  - section hibernate  key hibernate.connection.provider_class  value org.hibernate.connection.ConnectionProvider
47     DEBUG 26-abr-2011 01:30:31 [main] ConfigDetail  - section hibernate  key hibernate.connection.url  value jdbc:mysql://localhost:3306/test
47     DEBUG 26-abr-2011 01:30:31 [main] ConfigDetail  - section hibernate  key hibernate.connection.username  value root
47     DEBUG 26-abr-2011 01:30:31 [main] ConfigDetail  - section hibernate  key hibernate.dialect  value org.hibernate.dialect.MySQL5Dialec
47     DEBUG 26-abr-2011 01:30:31 [main] ConfigDetail  - section hibernate  key hibernate.format_sql  value false
47     DEBUG 26-abr-2011 01:30:31 [main] ConfigDetail  - section hibernate  key hibernate.jdbc.batch_size  value 20
47     DEBUG 26-abr-2011 01:30:31 [main] ConfigDetail  - section hibernate  key hibernate.jdbc.fetch_size  value 10
47     DEBUG 26-abr-2011 01:30:31 [main] ConfigDetail  - section hibernate  key hibernate.jdbc.use_streams_for_binary  value true
47     DEBUG 26-abr-2011 01:30:31 [main] ConfigDetail  - section hibernate  key hibernate.max_fetch_depth  value 10
47     DEBUG 26-abr-2011 01:30:31 [main] ConfigDetail  - section hibernate  key hibernate.search.analyzer  value ar.com.mindset.flexy.lucene.SpanishAnalyzer
47     DEBUG 26-abr-2011 01:30:31 [main] ConfigDetail  - section hibernate  key hibernate.search.default.directory_provider  value org.hibernate.search.store.FSDirectoryProvider
47     DEBUG 26-abr-2011 01:30:31 [main] ConfigDetail  - section hibernate  key hibernate.show_sql  value false
47     DEBUG 26-abr-2011 01:30:31 [main] ConfigDetail  - ~! sectionName initialStatements
47     DEBUG 26-abr-2011 01:30:31 [main] ConfigDetail  - section initialStatements  key postPath  value [enviroment]{working.directory}/initialPostScript
47     DEBUG 26-abr-2011 01:30:31 [main] ConfigDetail  - ~ foundMatch 
47     DEBUG 26-abr-2011 01:30:31 [main] ConfigDetail  - ~! rSection enviroment  rKey working.directory
47     DEBUG 26-abr-2011 01:30:31 [main] ConfigDetail  - ~!  rValue work/base
47     DEBUG 26-abr-2011 01:30:31 [main] ConfigDetail  - ~! value work/base/initialPostScript
47     DEBUG 26-abr-2011 01:30:31 [main] ConfigDetail  - ~!resolveSymbolicValues() replace [enviroment]{working.directory}/initialPostScript with work/base/initialPostScript
47     DEBUG 26-abr-2011 01:30:31 [main] org.igfay.jfig.JFigDictionary  - Section initialStatements Key: postPath  Value: work/base/initialPostScript
47     DEBUG 26-abr-2011 01:30:31 [main] ConfigDetail  - section initialStatements  key prevPath  value [enviroment]{working.directory}/initialPrevScript
47     DEBUG 26-abr-2011 01:30:31 [main] ConfigDetail  - ~ foundMatch 
47     DEBUG 26-abr-2011 01:30:31 [main] ConfigDetail  - ~! rSection enviroment  rKey working.directory
47     DEBUG 26-abr-2011 01:30:31 [main] ConfigDetail  - ~!  rValue work/base
47     DEBUG 26-abr-2011 01:30:31 [main] ConfigDetail  - ~! value work/base/initialPrevScript
47     DEBUG 26-abr-2011 01:30:31 [main] ConfigDetail  - ~!resolveSymbolicValues() replace [enviroment]{working.directory}/initialPrevScript with work/base/initialPrevScript
47     DEBUG 26-abr-2011 01:30:31 [main] org.igfay.jfig.JFigDictionary  - Section initialStatements Key: prevPath  Value: work/base/initialPrevScript
47     DEBUG 26-abr-2011 01:30:31 [main] ConfigDetail  - ~! sectionName mailing
47     DEBUG 26-abr-2011 01:30:31 [main] ConfigDetail  - section mailing  key activated  value true
47     DEBUG 26-abr-2011 01:30:31 [main] ConfigDetail  - section mailing  key disabledAccount  value nny.fwk@gmail.com
47     DEBUG 26-abr-2011 01:30:31 [main] ConfigDetail  - section mailing  key from.defaultAddress  value nny.fwk@gmail.com
47     DEBUG 26-abr-2011 01:30:31 [main] ConfigDetail  - section mailing  key from.defaultSender  value NNY
47     DEBUG 26-abr-2011 01:30:31 [main] ConfigDetail  - section mailing  key mail.debug  value true
47     DEBUG 26-abr-2011 01:30:31 [main] ConfigDetail  - section mailing  key mail.smtp.auth  value true
47     DEBUG 26-abr-2011 01:30:31 [main] ConfigDetail  - section mailing  key mail.smtp.host  value smtp.gmail.com
47     DEBUG 26-abr-2011 01:30:31 [main] ConfigDetail  - section mailing  key mail.smtp.port  value 465
47     DEBUG 26-abr-2011 01:30:31 [main] ConfigDetail  - section mailing  key mail.smtp.socketFactory.class  value javax.net.ssl.SSLSocketFactory
47     DEBUG 26-abr-2011 01:30:31 [main] ConfigDetail  - section mailing  key mail.smtp.socketFactory.fallback  value false
47     DEBUG 26-abr-2011 01:30:31 [main] ConfigDetail  - section mailing  key mail.smtp.socketFactory.port  value 465
47     DEBUG 26-abr-2011 01:30:31 [main] ConfigDetail  - section mailing  key password  value sarasaza
47     DEBUG 26-abr-2011 01:30:31 [main] ConfigDetail  - section mailing  key user  value nny.fwk@gmail.com
47     DEBUG 26-abr-2011 01:30:31 [main] ConfigDetail  - ~! sectionName modules
47     DEBUG 26-abr-2011 01:30:31 [main] ConfigDetail  - section modules  key package.prefix  value ar.com.syr.transporte
47     DEBUG 26-abr-2011 01:30:31 [main] ConfigDetail  - ~! sectionName pagination
47     DEBUG 26-abr-2011 01:30:31 [main] ConfigDetail  - section pagination  key MAX_RESULT_PAGE  value 6
47     DEBUG 26-abr-2011 01:30:31 [main] ConfigDetail  - ~! sectionName secureServices
47     DEBUG 26-abr-2011 01:30:31 [main] ConfigDetail  - ~! sectionName webhostResolver
47     DEBUG 26-abr-2011 01:30:31 [main] ConfigDetail  - ~! sectionName webservice
47     DEBUG 26-abr-2011 01:30:31 [main] ConfigDetail  - section webservice  key attachment.directory  value attachments
47     DEBUG 26-abr-2011 01:30:31 [main] ConfigDetail  - section webservice  key attachment.inboundThreshold  value 5000000
47     DEBUG 26-abr-2011 01:30:31 [main] ConfigDetail  - section webservice  key attachment.outboundThreshold  value 5000000
47     DEBUG 26-abr-2011 01:30:31 [main] org.igfay.jfig.JFigParser  - end resolveSymbolicValues()
47     DEBUG 26-abr-2011 01:30:31 [main] org.igfay.jfig.JFigParser  - 
47     DEBUG 26-abr-2011 01:30:31 [main] org.igfay.jfig.JFig  - Complete 
47     DEBUG 26-abr-2011 01:30:31 [main] org.igfay.jfig.JFig  - 
0      DEBUG 26-abr-2011 02:11:20 [main] org.igfay.jfig.JFig  - Processing file config.xml
0      DEBUG 26-abr-2011 02:11:20 [main] org.igfay.jfig.JFig  - Create XMLConfigParser
0      DEBUG 26-abr-2011 02:11:20 [main] org.igfay.util.PropertyUtility  - Setting keyword: :; Value: ;
0      DEBUG 26-abr-2011 02:11:20 [main] org.igfay.jfig.XMLJFigParser  - Process file config.xml
0      INFO  26-abr-2011 02:11:20 [main] org.igfay.jfig.XMLJFigParser  - Process file config.xml
47     DEBUG 26-abr-2011 02:11:20 [main] org.igfay.jfig.XMLJFigParser  - element

156    DEBUG 26-abr-2011 02:11:20 [main] org.igfay.jfig.XMLJFigParser  - process includes
156    DEBUG 26-abr-2011 02:11:20 [main] org.igfay.jfig.XMLJFigParser  - process sections
156    DEBUG 26-abr-2011 02:11:20 [main] org.igfay.jfig.JFigDictionary  - section: enviroment
156    DEBUG 26-abr-2011 02:11:20 [main] org.igfay.jfig.JFigDictionary  - Section enviroment Key: mac.address  Value: 00:13:D4:D0:86:12
156    DEBUG 26-abr-2011 02:11:20 [main] org.igfay.jfig.JFigDictionary  - Section enviroment Key: working.directory  Value: work/base
156    DEBUG 26-abr-2011 02:11:20 [main] org.igfay.jfig.JFigDictionary  - Section enviroment Key: webapp.directory  Value: work/base
156    DEBUG 26-abr-2011 02:11:20 [main] org.igfay.jfig.JFigDictionary  - Section enviroment Key: exception.syserr.logging  Value: true
156    DEBUG 26-abr-2011 02:11:20 [main] org.igfay.jfig.JFigDictionary  - Section enviroment Key: initializer.on  Value: true
156    DEBUG 26-abr-2011 02:11:20 [main] org.igfay.jfig.JFigDictionary  - Section enviroment Key: deny.remote.services  Value: false
156    DEBUG 26-abr-2011 02:11:20 [main] org.igfay.jfig.JFigDictionary  - Section enviroment Key: allow.anonymous.users  Value: true
156    DEBUG 26-abr-2011 02:11:20 [main] org.igfay.jfig.JFigDictionary  - section: webhostResolver
156    DEBUG 26-abr-2011 02:11:20 [main] org.igfay.jfig.JFigDictionary  - section: secureServices
171    DEBUG 26-abr-2011 02:11:20 [main] org.igfay.jfig.JFigDictionary  - section: hibernate
171    DEBUG 26-abr-2011 02:11:20 [main] org.igfay.jfig.JFigDictionary  - Section hibernate Key: alternateSessionFactories  Value: 
171    DEBUG 26-abr-2011 02:11:20 [main] org.igfay.jfig.JFigDictionary  - Section hibernate Key: ddl.recreateSchema  Value: true
171    DEBUG 26-abr-2011 02:11:20 [main] org.igfay.jfig.JFigDictionary  - Section hibernate Key: hibernate.connection.driver_class  Value: com.mysql.jdbc.Driver
171    DEBUG 26-abr-2011 02:11:20 [main] org.igfay.jfig.JFigDictionary  - Section hibernate Key: hibernate.connection.url  Value: jdbc:mysql://localhost:3306/test
171    DEBUG 26-abr-2011 02:11:20 [main] org.igfay.jfig.JFigDictionary  - Section hibernate Key: hibernate.connection.username  Value: root
171    DEBUG 26-abr-2011 02:11:20 [main] org.igfay.jfig.JFigDictionary  - Section hibernate Key: hibernate.connection.password  Value: root
171    DEBUG 26-abr-2011 02:11:20 [main] org.igfay.jfig.JFigDictionary  - Section hibernate Key: hibernate.connection.pool_size  Value: 5
171    DEBUG 26-abr-2011 02:11:20 [main] org.igfay.jfig.JFigDictionary  - Section hibernate Key: hibernate.dialect  Value: org.hibernate.dialect.MySQL5Dialec
171    DEBUG 26-abr-2011 02:11:20 [main] org.igfay.jfig.JFigDictionary  - Section hibernate Key: hibernate.cache.provider_class  Value: org.hibernate.connection.ConnectionProvider
171    DEBUG 26-abr-2011 02:11:20 [main] org.igfay.jfig.JFigDictionary  - Section hibernate Key: hibernate.cache.use_query_cache  Value: true
171    DEBUG 26-abr-2011 02:11:20 [main] org.igfay.jfig.JFigDictionary  - Section hibernate Key: hibernate.format_sql  Value: false
171    DEBUG 26-abr-2011 02:11:20 [main] org.igfay.jfig.JFigDictionary  - Section hibernate Key: hibernate.show_sql  Value: false
171    DEBUG 26-abr-2011 02:11:20 [main] org.igfay.jfig.JFigDictionary  - Section hibernate Key: hibernate.connection.provider_class  Value: org.hibernate.connection.ConnectionProvider
171    DEBUG 26-abr-2011 02:11:20 [main] org.igfay.jfig.JFigDictionary  - Section hibernate Key: hibernate.c3p0.acquire_increment  Value: 2
171    DEBUG 26-abr-2011 02:11:20 [main] org.igfay.jfig.JFigDictionary  - Section hibernate Key: hibernate.c3p0.idle_test_period  Value: 20
171    DEBUG 26-abr-2011 02:11:20 [main] org.igfay.jfig.JFigDictionary  - Section hibernate Key: hibernate.c3p0.max_size  Value: 30
171    DEBUG 26-abr-2011 02:11:20 [main] org.igfay.jfig.JFigDictionary  - Section hibernate Key: hibernate.c3p0.max_statements  Value: 0
171    DEBUG 26-abr-2011 02:11:20 [main] org.igfay.jfig.JFigDictionary  - Section hibernate Key: hibernate.c3p0.min_size  Value: 10
171    DEBUG 26-abr-2011 02:11:20 [main] org.igfay.jfig.JFigDictionary  - Section hibernate Key: hibernate.c3p0.timeout  Value: 60
171    DEBUG 26-abr-2011 02:11:20 [main] org.igfay.jfig.JFigDictionary  - Section hibernate Key: hibernate.c3p0.automatic_test_table  Value: industry
171    DEBUG 26-abr-2011 02:11:20 [main] org.igfay.jfig.JFigDictionary  - Section hibernate Key: hibernate.c3p0.idle_connection_test_period  Value: 20
171    DEBUG 26-abr-2011 02:11:20 [main] org.igfay.jfig.JFigDictionary  - Section hibernate Key: hibernate.bytecode.use_reflection_optimizer  Value: true
171    DEBUG 26-abr-2011 02:11:20 [main] org.igfay.jfig.JFigDictionary  - Section hibernate Key: hibernate.jdbc.use_streams_for_binary  Value: true
171    DEBUG 26-abr-2011 02:11:20 [main] org.igfay.jfig.JFigDictionary  - Section hibernate Key: hibernate.max_fetch_depth  Value: 10
171    DEBUG 26-abr-2011 02:11:20 [main] org.igfay.jfig.JFigDictionary  - Section hibernate Key: hibernate.jdbc.batch_size  Value: 20
171    DEBUG 26-abr-2011 02:11:20 [main] org.igfay.jfig.JFigDictionary  - Section hibernate Key: hibernate.jdbc.fetch_size  Value: 10
171    DEBUG 26-abr-2011 02:11:20 [main] org.igfay.jfig.JFigDictionary  - Section hibernate Key: hibernate.search.default.directory_provider  Value: org.hibernate.search.store.FSDirectoryProvider
171    DEBUG 26-abr-2011 02:11:20 [main] org.igfay.jfig.JFigDictionary  - Section hibernate Key: hibernate.search.analyzer  Value: ar.com.mindset.flexy.lucene.SpanishAnalyzer
171    DEBUG 26-abr-2011 02:11:20 [main] org.igfay.jfig.JFigDictionary  - section: modules
171    DEBUG 26-abr-2011 02:11:20 [main] org.igfay.jfig.JFigDictionary  - Section modules Key: package.prefix  Value: ar.com.syr.transporte
171    DEBUG 26-abr-2011 02:11:20 [main] org.igfay.jfig.JFigDictionary  - section: pagination
171    DEBUG 26-abr-2011 02:11:20 [main] org.igfay.jfig.JFigDictionary  - Section pagination Key: MAX_RESULT_PAGE  Value: 6
171    DEBUG 26-abr-2011 02:11:20 [main] org.igfay.jfig.JFigDictionary  - section: flex
171    DEBUG 26-abr-2011 02:11:20 [main] org.igfay.jfig.JFigDictionary  - Section flex Key: retainExceptionStackTrace  Value: true
171    DEBUG 26-abr-2011 02:11:20 [main] org.igfay.jfig.JFigDictionary  - section: webservice
171    DEBUG 26-abr-2011 02:11:20 [main] org.igfay.jfig.JFigDictionary  - Section webservice Key: attachment.directory  Value: attachments
171    DEBUG 26-abr-2011 02:11:20 [main] org.igfay.jfig.JFigDictionary  - Section webservice Key: attachment.outboundThreshold  Value: 5000000
171    DEBUG 26-abr-2011 02:11:20 [main] org.igfay.jfig.JFigDictionary  - Section webservice Key: attachment.inboundThreshold  Value: 5000000
171    DEBUG 26-abr-2011 02:11:20 [main] org.igfay.jfig.JFigDictionary  - section: mailing
171    DEBUG 26-abr-2011 02:11:20 [main] org.igfay.jfig.JFigDictionary  - Section mailing Key: user  Value: nny.fwk@gmail.com
171    DEBUG 26-abr-2011 02:11:20 [main] org.igfay.jfig.JFigDictionary  - Section mailing Key: password  Value: sarasaza
171    DEBUG 26-abr-2011 02:11:20 [main] org.igfay.jfig.JFigDictionary  - Section mailing Key: activated  Value: true
171    DEBUG 26-abr-2011 02:11:20 [main] org.igfay.jfig.JFigDictionary  - Section mailing Key: disabledAccount  Value: nny.fwk@gmail.com
171    DEBUG 26-abr-2011 02:11:20 [main] org.igfay.jfig.JFigDictionary  - Section mailing Key: from.defaultAddress  Value: nny.fwk@gmail.com
171    DEBUG 26-abr-2011 02:11:20 [main] org.igfay.jfig.JFigDictionary  - Section mailing Key: from.defaultSender  Value: NNY
171    DEBUG 26-abr-2011 02:11:20 [main] org.igfay.jfig.JFigDictionary  - Section mailing Key: mail.smtp.host  Value: smtp.gmail.com
171    DEBUG 26-abr-2011 02:11:20 [main] org.igfay.jfig.JFigDictionary  - Section mailing Key: mail.smtp.auth  Value: true
171    DEBUG 26-abr-2011 02:11:20 [main] org.igfay.jfig.JFigDictionary  - Section mailing Key: mail.debug  Value: true
171    DEBUG 26-abr-2011 02:11:20 [main] org.igfay.jfig.JFigDictionary  - Section mailing Key: mail.smtp.port  Value: 465
171    DEBUG 26-abr-2011 02:11:20 [main] org.igfay.jfig.JFigDictionary  - Section mailing Key: mail.smtp.socketFactory.port  Value: 465
171    DEBUG 26-abr-2011 02:11:20 [main] org.igfay.jfig.JFigDictionary  - Section mailing Key: mail.smtp.socketFactory.class  Value: javax.net.ssl.SSLSocketFactory
171    DEBUG 26-abr-2011 02:11:20 [main] org.igfay.jfig.JFigDictionary  - Section mailing Key: mail.smtp.socketFactory.fallback  Value: false
171    DEBUG 26-abr-2011 02:11:20 [main] org.igfay.jfig.JFigDictionary  - section: attachments
171    DEBUG 26-abr-2011 02:11:20 [main] org.igfay.jfig.JFigDictionary  - section: initialStatements
171    DEBUG 26-abr-2011 02:11:20 [main] org.igfay.jfig.JFigDictionary  - Section initialStatements Key: postPath  Value: [enviroment]{working.directory}/initialPostScript
171    DEBUG 26-abr-2011 02:11:20 [main] org.igfay.jfig.JFigDictionary  - Section initialStatements Key: prevPath  Value: [enviroment]{working.directory}/initialPrevScript
171    DEBUG 26-abr-2011 02:11:20 [main] org.igfay.jfig.JFigParser  - 
171    DEBUG 26-abr-2011 02:11:20 [main] ConfigDetail  - ~! sectionName attachments
171    DEBUG 26-abr-2011 02:11:20 [main] ConfigDetail  - ~! sectionName enviroment
171    DEBUG 26-abr-2011 02:11:20 [main] ConfigDetail  - section enviroment  key allow.anonymous.users  value true
171    DEBUG 26-abr-2011 02:11:20 [main] ConfigDetail  - section enviroment  key deny.remote.services  value false
171    DEBUG 26-abr-2011 02:11:20 [main] ConfigDetail  - section enviroment  key exception.syserr.logging  value true
171    DEBUG 26-abr-2011 02:11:20 [main] ConfigDetail  - section enviroment  key initializer.on  value true
171    DEBUG 26-abr-2011 02:11:20 [main] ConfigDetail  - section enviroment  key mac.address  value 00:13:D4:D0:86:12
171    DEBUG 26-abr-2011 02:11:20 [main] ConfigDetail  - section enviroment  key webapp.directory  value work/base
171    DEBUG 26-abr-2011 02:11:20 [main] ConfigDetail  - section enviroment  key working.directory  value work/base
187    DEBUG 26-abr-2011 02:11:20 [main] ConfigDetail  - ~! sectionName flex
187    DEBUG 26-abr-2011 02:11:20 [main] ConfigDetail  - section flex  key retainExceptionStackTrace  value true
187    DEBUG 26-abr-2011 02:11:20 [main] ConfigDetail  - ~! sectionName hibernate
187    DEBUG 26-abr-2011 02:11:20 [main] ConfigDetail  - section hibernate  key alternateSessionFactories  value 
187    DEBUG 26-abr-2011 02:11:20 [main] ConfigDetail  - section hibernate  key ddl.recreateSchema  value true
187    DEBUG 26-abr-2011 02:11:20 [main] ConfigDetail  - section hibernate  key hibernate.bytecode.use_reflection_optimizer  value true
187    DEBUG 26-abr-2011 02:11:20 [main] ConfigDetail  - section hibernate  key hibernate.c3p0.acquire_increment  value 2
187    DEBUG 26-abr-2011 02:11:20 [main] ConfigDetail  - section hibernate  key hibernate.c3p0.automatic_test_table  value industry
187    DEBUG 26-abr-2011 02:11:20 [main] ConfigDetail  - section hibernate  key hibernate.c3p0.idle_connection_test_period  value 20
187    DEBUG 26-abr-2011 02:11:20 [main] ConfigDetail  - section hibernate  key hibernate.c3p0.idle_test_period  value 20
187    DEBUG 26-abr-2011 02:11:20 [main] ConfigDetail  - section hibernate  key hibernate.c3p0.max_size  value 30
187    DEBUG 26-abr-2011 02:11:20 [main] ConfigDetail  - section hibernate  key hibernate.c3p0.max_statements  value 0
187    DEBUG 26-abr-2011 02:11:20 [main] ConfigDetail  - section hibernate  key hibernate.c3p0.min_size  value 10
187    DEBUG 26-abr-2011 02:11:20 [main] ConfigDetail  - section hibernate  key hibernate.c3p0.timeout  value 60
187    DEBUG 26-abr-2011 02:11:20 [main] ConfigDetail  - section hibernate  key hibernate.cache.provider_class  value org.hibernate.connection.ConnectionProvider
187    DEBUG 26-abr-2011 02:11:20 [main] ConfigDetail  - section hibernate  key hibernate.cache.use_query_cache  value true
187    DEBUG 26-abr-2011 02:11:20 [main] ConfigDetail  - section hibernate  key hibernate.connection.driver_class  value com.mysql.jdbc.Driver
187    DEBUG 26-abr-2011 02:11:20 [main] ConfigDetail  - section hibernate  key hibernate.connection.password  value root
187    DEBUG 26-abr-2011 02:11:20 [main] ConfigDetail  - section hibernate  key hibernate.connection.pool_size  value 5
187    DEBUG 26-abr-2011 02:11:20 [main] ConfigDetail  - section hibernate  key hibernate.connection.provider_class  value org.hibernate.connection.ConnectionProvider
187    DEBUG 26-abr-2011 02:11:20 [main] ConfigDetail  - section hibernate  key hibernate.connection.url  value jdbc:mysql://localhost:3306/test
187    DEBUG 26-abr-2011 02:11:20 [main] ConfigDetail  - section hibernate  key hibernate.connection.username  value root
187    DEBUG 26-abr-2011 02:11:20 [main] ConfigDetail  - section hibernate  key hibernate.dialect  value org.hibernate.dialect.MySQL5Dialec
187    DEBUG 26-abr-2011 02:11:20 [main] ConfigDetail  - section hibernate  key hibernate.format_sql  value false
187    DEBUG 26-abr-2011 02:11:20 [main] ConfigDetail  - section hibernate  key hibernate.jdbc.batch_size  value 20
187    DEBUG 26-abr-2011 02:11:20 [main] ConfigDetail  - section hibernate  key hibernate.jdbc.fetch_size  value 10
187    DEBUG 26-abr-2011 02:11:20 [main] ConfigDetail  - section hibernate  key hibernate.jdbc.use_streams_for_binary  value true
187    DEBUG 26-abr-2011 02:11:20 [main] ConfigDetail  - section hibernate  key hibernate.max_fetch_depth  value 10
187    DEBUG 26-abr-2011 02:11:20 [main] ConfigDetail  - section hibernate  key hibernate.search.analyzer  value ar.com.mindset.flexy.lucene.SpanishAnalyzer
187    DEBUG 26-abr-2011 02:11:20 [main] ConfigDetail  - section hibernate  key hibernate.search.default.directory_provider  value org.hibernate.search.store.FSDirectoryProvider
187    DEBUG 26-abr-2011 02:11:20 [main] ConfigDetail  - section hibernate  key hibernate.show_sql  value false
187    DEBUG 26-abr-2011 02:11:20 [main] ConfigDetail  - ~! sectionName initialStatements
187    DEBUG 26-abr-2011 02:11:20 [main] ConfigDetail  - section initialStatements  key postPath  value [enviroment]{working.directory}/initialPostScript
187    DEBUG 26-abr-2011 02:11:20 [main] ConfigDetail  - ~ foundMatch 
187    DEBUG 26-abr-2011 02:11:20 [main] ConfigDetail  - ~! rSection enviroment  rKey working.directory
187    DEBUG 26-abr-2011 02:11:20 [main] ConfigDetail  - ~!  rValue work/base
187    DEBUG 26-abr-2011 02:11:20 [main] ConfigDetail  - ~! value work/base/initialPostScript
187    DEBUG 26-abr-2011 02:11:20 [main] ConfigDetail  - ~!resolveSymbolicValues() replace [enviroment]{working.directory}/initialPostScript with work/base/initialPostScript
187    DEBUG 26-abr-2011 02:11:20 [main] org.igfay.jfig.JFigDictionary  - Section initialStatements Key: postPath  Value: work/base/initialPostScript
187    DEBUG 26-abr-2011 02:11:20 [main] ConfigDetail  - section initialStatements  key prevPath  value [enviroment]{working.directory}/initialPrevScript
187    DEBUG 26-abr-2011 02:11:20 [main] ConfigDetail  - ~ foundMatch 
187    DEBUG 26-abr-2011 02:11:20 [main] ConfigDetail  - ~! rSection enviroment  rKey working.directory
187    DEBUG 26-abr-2011 02:11:20 [main] ConfigDetail  - ~!  rValue work/base
187    DEBUG 26-abr-2011 02:11:20 [main] ConfigDetail  - ~! value work/base/initialPrevScript
187    DEBUG 26-abr-2011 02:11:20 [main] ConfigDetail  - ~!resolveSymbolicValues() replace [enviroment]{working.directory}/initialPrevScript with work/base/initialPrevScript
187    DEBUG 26-abr-2011 02:11:20 [main] org.igfay.jfig.JFigDictionary  - Section initialStatements Key: prevPath  Value: work/base/initialPrevScript
187    DEBUG 26-abr-2011 02:11:20 [main] ConfigDetail  - ~! sectionName mailing
187    DEBUG 26-abr-2011 02:11:20 [main] ConfigDetail  - section mailing  key activated  value true
187    DEBUG 26-abr-2011 02:11:20 [main] ConfigDetail  - section mailing  key disabledAccount  value nny.fwk@gmail.com
187    DEBUG 26-abr-2011 02:11:20 [main] ConfigDetail  - section mailing  key from.defaultAddress  value nny.fwk@gmail.com
187    DEBUG 26-abr-2011 02:11:20 [main] ConfigDetail  - section mailing  key from.defaultSender  value NNY
187    DEBUG 26-abr-2011 02:11:20 [main] ConfigDetail  - section mailing  key mail.debug  value true
187    DEBUG 26-abr-2011 02:11:20 [main] ConfigDetail  - section mailing  key mail.smtp.auth  value true
187    DEBUG 26-abr-2011 02:11:20 [main] ConfigDetail  - section mailing  key mail.smtp.host  value smtp.gmail.com
203    DEBUG 26-abr-2011 02:11:20 [main] ConfigDetail  - section mailing  key mail.smtp.port  value 465
203    DEBUG 26-abr-2011 02:11:20 [main] ConfigDetail  - section mailing  key mail.smtp.socketFactory.class  value javax.net.ssl.SSLSocketFactory
203    DEBUG 26-abr-2011 02:11:20 [main] ConfigDetail  - section mailing  key mail.smtp.socketFactory.fallback  value false
203    DEBUG 26-abr-2011 02:11:20 [main] ConfigDetail  - section mailing  key mail.smtp.socketFactory.port  value 465
203    DEBUG 26-abr-2011 02:11:20 [main] ConfigDetail  - section mailing  key password  value sarasaza
203    DEBUG 26-abr-2011 02:11:20 [main] ConfigDetail  - section mailing  key user  value nny.fwk@gmail.com
203    DEBUG 26-abr-2011 02:11:20 [main] ConfigDetail  - ~! sectionName modules
203    DEBUG 26-abr-2011 02:11:20 [main] ConfigDetail  - section modules  key package.prefix  value ar.com.syr.transporte
203    DEBUG 26-abr-2011 02:11:20 [main] ConfigDetail  - ~! sectionName pagination
203    DEBUG 26-abr-2011 02:11:20 [main] ConfigDetail  - section pagination  key MAX_RESULT_PAGE  value 6
203    DEBUG 26-abr-2011 02:11:20 [main] ConfigDetail  - ~! sectionName secureServices
203    DEBUG 26-abr-2011 02:11:20 [main] ConfigDetail  - ~! sectionName webhostResolver
203    DEBUG 26-abr-2011 02:11:20 [main] ConfigDetail  - ~! sectionName webservice
203    DEBUG 26-abr-2011 02:11:20 [main] ConfigDetail  - section webservice  key attachment.directory  value attachments
203    DEBUG 26-abr-2011 02:11:20 [main] ConfigDetail  - section webservice  key attachment.inboundThreshold  value 5000000
203    DEBUG 26-abr-2011 02:11:20 [main] ConfigDetail  - section webservice  key attachment.outboundThreshold  value 5000000
203    DEBUG 26-abr-2011 02:11:20 [main] org.igfay.jfig.JFigParser  - end resolveSymbolicValues()
203    DEBUG 26-abr-2011 02:11:20 [main] org.igfay.jfig.JFigParser  - 
203    DEBUG 26-abr-2011 02:11:20 [main] org.igfay.jfig.JFig  - Complete 
203    DEBUG 26-abr-2011 02:11:20 [main] org.igfay.jfig.JFig  - 
0      DEBUG 27-abr-2011 08:57:43 [main] org.igfay.jfig.JFig  - Processing file config.xml
16     DEBUG 27-abr-2011 08:57:43 [main] org.igfay.jfig.JFig  - Create XMLConfigParser
16     DEBUG 27-abr-2011 08:57:43 [main] org.igfay.util.PropertyUtility  - Setting keyword: :; Value: ;
16     DEBUG 27-abr-2011 08:57:43 [main] org.igfay.jfig.XMLJFigParser  - Process file config.xml
16     INFO  27-abr-2011 08:57:43 [main] org.igfay.jfig.XMLJFigParser  - Process file config.xml
47     DEBUG 27-abr-2011 08:57:44 [main] org.igfay.jfig.XMLJFigParser  - element

313    DEBUG 27-abr-2011 08:57:44 [main] org.igfay.jfig.XMLJFigParser  - process includes
313    DEBUG 27-abr-2011 08:57:44 [main] org.igfay.jfig.XMLJFigParser  - process sections
328    DEBUG 27-abr-2011 08:57:44 [main] org.igfay.jfig.JFigDictionary  - section: enviroment
328    DEBUG 27-abr-2011 08:57:44 [main] org.igfay.jfig.JFigDictionary  - Section enviroment Key: mac.address  Value: 00:13:D4:D0:86:12
328    DEBUG 27-abr-2011 08:57:44 [main] org.igfay.jfig.JFigDictionary  - Section enviroment Key: working.directory  Value: work/base
328    DEBUG 27-abr-2011 08:57:44 [main] org.igfay.jfig.JFigDictionary  - Section enviroment Key: webapp.directory  Value: work/base
328    DEBUG 27-abr-2011 08:57:44 [main] org.igfay.jfig.JFigDictionary  - Section enviroment Key: exception.syserr.logging  Value: true
344    DEBUG 27-abr-2011 08:57:44 [main] org.igfay.jfig.JFigDictionary  - Section enviroment Key: initializer.on  Value: true
344    DEBUG 27-abr-2011 08:57:44 [main] org.igfay.jfig.JFigDictionary  - Section enviroment Key: deny.remote.services  Value: false
344    DEBUG 27-abr-2011 08:57:44 [main] org.igfay.jfig.JFigDictionary  - Section enviroment Key: allow.anonymous.users  Value: true
344    DEBUG 27-abr-2011 08:57:44 [main] org.igfay.jfig.JFigDictionary  - section: webhostResolver
344    DEBUG 27-abr-2011 08:57:44 [main] org.igfay.jfig.JFigDictionary  - section: secureServices
359    DEBUG 27-abr-2011 08:57:44 [main] org.igfay.jfig.JFigDictionary  - section: hibernate
359    DEBUG 27-abr-2011 08:57:44 [main] org.igfay.jfig.JFigDictionary  - Section hibernate Key: alternateSessionFactories  Value: 
359    DEBUG 27-abr-2011 08:57:44 [main] org.igfay.jfig.JFigDictionary  - Section hibernate Key: ddl.recreateSchema  Value: true
359    DEBUG 27-abr-2011 08:57:44 [main] org.igfay.jfig.JFigDictionary  - Section hibernate Key: hibernate.connection.driver_class  Value: com.mysql.jdbc.Driver
359    DEBUG 27-abr-2011 08:57:44 [main] org.igfay.jfig.JFigDictionary  - Section hibernate Key: hibernate.connection.url  Value: jdbc:mysql://localhost:3306/test
375    DEBUG 27-abr-2011 08:57:44 [main] org.igfay.jfig.JFigDictionary  - Section hibernate Key: hibernate.connection.username  Value: root
375    DEBUG 27-abr-2011 08:57:44 [main] org.igfay.jfig.JFigDictionary  - Section hibernate Key: hibernate.connection.password  Value: root
375    DEBUG 27-abr-2011 08:57:44 [main] org.igfay.jfig.JFigDictionary  - Section hibernate Key: hibernate.connection.pool_size  Value: 5
641    DEBUG 27-abr-2011 08:57:44 [main] org.igfay.jfig.JFigDictionary  - Section hibernate Key: hibernate.dialect  Value: org.hibernate.dialect.MySQL5Dialec
641    DEBUG 27-abr-2011 08:57:44 [main] org.igfay.jfig.JFigDictionary  - Section hibernate Key: hibernate.cache.provider_class  Value: org.hibernate.connection.ConnectionProvider
641    DEBUG 27-abr-2011 08:57:44 [main] org.igfay.jfig.JFigDictionary  - Section hibernate Key: hibernate.cache.use_query_cache  Value: true
641    DEBUG 27-abr-2011 08:57:44 [main] org.igfay.jfig.JFigDictionary  - Section hibernate Key: hibernate.format_sql  Value: false
641    DEBUG 27-abr-2011 08:57:44 [main] org.igfay.jfig.JFigDictionary  - Section hibernate Key: hibernate.show_sql  Value: false
641    DEBUG 27-abr-2011 08:57:44 [main] org.igfay.jfig.JFigDictionary  - Section hibernate Key: hibernate.connection.provider_class  Value: org.hibernate.connection.ConnectionProvider
641    DEBUG 27-abr-2011 08:57:44 [main] org.igfay.jfig.JFigDictionary  - Section hibernate Key: hibernate.c3p0.acquire_increment  Value: 2
641    DEBUG 27-abr-2011 08:57:44 [main] org.igfay.jfig.JFigDictionary  - Section hibernate Key: hibernate.c3p0.idle_test_period  Value: 20
641    DEBUG 27-abr-2011 08:57:44 [main] org.igfay.jfig.JFigDictionary  - Section hibernate Key: hibernate.c3p0.max_size  Value: 30
656    DEBUG 27-abr-2011 08:57:44 [main] org.igfay.jfig.JFigDictionary  - Section hibernate Key: hibernate.c3p0.max_statements  Value: 0
656    DEBUG 27-abr-2011 08:57:44 [main] org.igfay.jfig.JFigDictionary  - Section hibernate Key: hibernate.c3p0.min_size  Value: 10
656    DEBUG 27-abr-2011 08:57:44 [main] org.igfay.jfig.JFigDictionary  - Section hibernate Key: hibernate.c3p0.timeout  Value: 60
656    DEBUG 27-abr-2011 08:57:44 [main] org.igfay.jfig.JFigDictionary  - Section hibernate Key: hibernate.c3p0.automatic_test_table  Value: industry
656    DEBUG 27-abr-2011 08:57:44 [main] org.igfay.jfig.JFigDictionary  - Section hibernate Key: hibernate.c3p0.idle_connection_test_period  Value: 20
656    DEBUG 27-abr-2011 08:57:44 [main] org.igfay.jfig.JFigDictionary  - Section hibernate Key: hibernate.bytecode.use_reflection_optimizer  Value: true
656    DEBUG 27-abr-2011 08:57:44 [main] org.igfay.jfig.JFigDictionary  - Section hibernate Key: hibernate.jdbc.use_streams_for_binary  Value: true
656    DEBUG 27-abr-2011 08:57:44 [main] org.igfay.jfig.JFigDictionary  - Section hibernate Key: hibernate.max_fetch_depth  Value: 10
672    DEBUG 27-abr-2011 08:57:44 [main] org.igfay.jfig.JFigDictionary  - Section hibernate Key: hibernate.jdbc.batch_size  Value: 20
672    DEBUG 27-abr-2011 08:57:44 [main] org.igfay.jfig.JFigDictionary  - Section hibernate Key: hibernate.jdbc.fetch_size  Value: 10
672    DEBUG 27-abr-2011 08:57:44 [main] org.igfay.jfig.JFigDictionary  - Section hibernate Key: hibernate.search.default.directory_provider  Value: org.hibernate.search.store.FSDirectoryProvider
672    DEBUG 27-abr-2011 08:57:44 [main] org.igfay.jfig.JFigDictionary  - Section hibernate Key: hibernate.search.analyzer  Value: ar.com.mindset.flexy.lucene.SpanishAnalyzer
688    DEBUG 27-abr-2011 08:57:44 [main] org.igfay.jfig.JFigDictionary  - section: modules
688    DEBUG 27-abr-2011 08:57:44 [main] org.igfay.jfig.JFigDictionary  - Section modules Key: package.prefix  Value: ar.com.syr.transporte
688    DEBUG 27-abr-2011 08:57:44 [main] org.igfay.jfig.JFigDictionary  - section: pagination
688    DEBUG 27-abr-2011 08:57:44 [main] org.igfay.jfig.JFigDictionary  - Section pagination Key: MAX_RESULT_PAGE  Value: 6
688    DEBUG 27-abr-2011 08:57:44 [main] org.igfay.jfig.JFigDictionary  - section: flex
688    DEBUG 27-abr-2011 08:57:44 [main] org.igfay.jfig.JFigDictionary  - Section flex Key: retainExceptionStackTrace  Value: true
688    DEBUG 27-abr-2011 08:57:44 [main] org.igfay.jfig.JFigDictionary  - section: webservice
688    DEBUG 27-abr-2011 08:57:44 [main] org.igfay.jfig.JFigDictionary  - Section webservice Key: attachment.directory  Value: attachments
688    DEBUG 27-abr-2011 08:57:44 [main] org.igfay.jfig.JFigDictionary  - Section webservice Key: attachment.outboundThreshold  Value: 5000000
688    DEBUG 27-abr-2011 08:57:44 [main] org.igfay.jfig.JFigDictionary  - Section webservice Key: attachment.inboundThreshold  Value: 5000000
703    DEBUG 27-abr-2011 08:57:44 [main] org.igfay.jfig.JFigDictionary  - section: mailing
703    DEBUG 27-abr-2011 08:57:44 [main] org.igfay.jfig.JFigDictionary  - Section mailing Key: user  Value: nny.fwk@gmail.com
703    DEBUG 27-abr-2011 08:57:44 [main] org.igfay.jfig.JFigDictionary  - Section mailing Key: password  Value: sarasaza
703    DEBUG 27-abr-2011 08:57:44 [main] org.igfay.jfig.JFigDictionary  - Section mailing Key: activated  Value: true
703    DEBUG 27-abr-2011 08:57:44 [main] org.igfay.jfig.JFigDictionary  - Section mailing Key: disabledAccount  Value: nny.fwk@gmail.com
703    DEBUG 27-abr-2011 08:57:44 [main] org.igfay.jfig.JFigDictionary  - Section mailing Key: from.defaultAddress  Value: nny.fwk@gmail.com
703    DEBUG 27-abr-2011 08:57:44 [main] org.igfay.jfig.JFigDictionary  - Section mailing Key: from.defaultSender  Value: NNY
703    DEBUG 27-abr-2011 08:57:44 [main] org.igfay.jfig.JFigDictionary  - Section mailing Key: mail.smtp.host  Value: smtp.gmail.com
703    DEBUG 27-abr-2011 08:57:44 [main] org.igfay.jfig.JFigDictionary  - Section mailing Key: mail.smtp.auth  Value: true
719    DEBUG 27-abr-2011 08:57:44 [main] org.igfay.jfig.JFigDictionary  - Section mailing Key: mail.debug  Value: true
719    DEBUG 27-abr-2011 08:57:44 [main] org.igfay.jfig.JFigDictionary  - Section mailing Key: mail.smtp.port  Value: 465
719    DEBUG 27-abr-2011 08:57:44 [main] org.igfay.jfig.JFigDictionary  - Section mailing Key: mail.smtp.socketFactory.port  Value: 465
719    DEBUG 27-abr-2011 08:57:44 [main] org.igfay.jfig.JFigDictionary  - Section mailing Key: mail.smtp.socketFactory.class  Value: javax.net.ssl.SSLSocketFactory
734    DEBUG 27-abr-2011 08:57:44 [main] org.igfay.jfig.JFigDictionary  - Section mailing Key: mail.smtp.socketFactory.fallback  Value: false
734    DEBUG 27-abr-2011 08:57:44 [main] org.igfay.jfig.JFigDictionary  - section: attachments
734    DEBUG 27-abr-2011 08:57:44 [main] org.igfay.jfig.JFigDictionary  - section: initialStatements
734    DEBUG 27-abr-2011 08:57:44 [main] org.igfay.jfig.JFigDictionary  - Section initialStatements Key: postPath  Value: [enviroment]{working.directory}/initialPostScript
734    DEBUG 27-abr-2011 08:57:44 [main] org.igfay.jfig.JFigDictionary  - Section initialStatements Key: prevPath  Value: [enviroment]{working.directory}/initialPrevScript
734    DEBUG 27-abr-2011 08:57:44 [main] org.igfay.jfig.JFigParser  - 
734    DEBUG 27-abr-2011 08:57:44 [main] ConfigDetail  - ~! sectionName attachments
734    DEBUG 27-abr-2011 08:57:44 [main] ConfigDetail  - ~! sectionName enviroment
734    DEBUG 27-abr-2011 08:57:44 [main] ConfigDetail  - section enviroment  key allow.anonymous.users  value true
750    DEBUG 27-abr-2011 08:57:44 [main] ConfigDetail  - section enviroment  key deny.remote.services  value false
750    DEBUG 27-abr-2011 08:57:44 [main] ConfigDetail  - section enviroment  key exception.syserr.logging  value true
750    DEBUG 27-abr-2011 08:57:44 [main] ConfigDetail  - section enviroment  key initializer.on  value true
750    DEBUG 27-abr-2011 08:57:44 [main] ConfigDetail  - section enviroment  key mac.address  value 00:13:D4:D0:86:12
750    DEBUG 27-abr-2011 08:57:44 [main] ConfigDetail  - section enviroment  key webapp.directory  value work/base
750    DEBUG 27-abr-2011 08:57:44 [main] ConfigDetail  - section enviroment  key working.directory  value work/base
750    DEBUG 27-abr-2011 08:57:44 [main] ConfigDetail  - ~! sectionName flex
750    DEBUG 27-abr-2011 08:57:44 [main] ConfigDetail  - section flex  key retainExceptionStackTrace  value true
750    DEBUG 27-abr-2011 08:57:44 [main] ConfigDetail  - ~! sectionName hibernate
750    DEBUG 27-abr-2011 08:57:44 [main] ConfigDetail  - section hibernate  key alternateSessionFactories  value 
750    DEBUG 27-abr-2011 08:57:44 [main] ConfigDetail  - section hibernate  key ddl.recreateSchema  value true
766    DEBUG 27-abr-2011 08:57:44 [main] ConfigDetail  - section hibernate  key hibernate.bytecode.use_reflection_optimizer  value true
766    DEBUG 27-abr-2011 08:57:44 [main] ConfigDetail  - section hibernate  key hibernate.c3p0.acquire_increment  value 2
766    DEBUG 27-abr-2011 08:57:44 [main] ConfigDetail  - section hibernate  key hibernate.c3p0.automatic_test_table  value industry
766    DEBUG 27-abr-2011 08:57:44 [main] ConfigDetail  - section hibernate  key hibernate.c3p0.idle_connection_test_period  value 20
766    DEBUG 27-abr-2011 08:57:44 [main] ConfigDetail  - section hibernate  key hibernate.c3p0.idle_test_period  value 20
766    DEBUG 27-abr-2011 08:57:44 [main] ConfigDetail  - section hibernate  key hibernate.c3p0.max_size  value 30
766    DEBUG 27-abr-2011 08:57:44 [main] ConfigDetail  - section hibernate  key hibernate.c3p0.max_statements  value 0
766    DEBUG 27-abr-2011 08:57:44 [main] ConfigDetail  - section hibernate  key hibernate.c3p0.min_size  value 10
766    DEBUG 27-abr-2011 08:57:44 [main] ConfigDetail  - section hibernate  key hibernate.c3p0.timeout  value 60
781    DEBUG 27-abr-2011 08:57:44 [main] ConfigDetail  - section hibernate  key hibernate.cache.provider_class  value org.hibernate.connection.ConnectionProvider
781    DEBUG 27-abr-2011 08:57:44 [main] ConfigDetail  - section hibernate  key hibernate.cache.use_query_cache  value true
781    DEBUG 27-abr-2011 08:57:44 [main] ConfigDetail  - section hibernate  key hibernate.connection.driver_class  value com.mysql.jdbc.Driver
781    DEBUG 27-abr-2011 08:57:44 [main] ConfigDetail  - section hibernate  key hibernate.connection.password  value root
797    DEBUG 27-abr-2011 08:57:44 [main] ConfigDetail  - section hibernate  key hibernate.connection.pool_size  value 5
797    DEBUG 27-abr-2011 08:57:44 [main] ConfigDetail  - section hibernate  key hibernate.connection.provider_class  value org.hibernate.connection.ConnectionProvider
797    DEBUG 27-abr-2011 08:57:44 [main] ConfigDetail  - section hibernate  key hibernate.connection.url  value jdbc:mysql://localhost:3306/test
797    DEBUG 27-abr-2011 08:57:44 [main] ConfigDetail  - section hibernate  key hibernate.connection.username  value root
797    DEBUG 27-abr-2011 08:57:44 [main] ConfigDetail  - section hibernate  key hibernate.dialect  value org.hibernate.dialect.MySQL5Dialec
797    DEBUG 27-abr-2011 08:57:44 [main] ConfigDetail  - section hibernate  key hibernate.format_sql  value false
797    DEBUG 27-abr-2011 08:57:44 [main] ConfigDetail  - section hibernate  key hibernate.jdbc.batch_size  value 20
797    DEBUG 27-abr-2011 08:57:44 [main] ConfigDetail  - section hibernate  key hibernate.jdbc.fetch_size  value 10
797    DEBUG 27-abr-2011 08:57:44 [main] ConfigDetail  - section hibernate  key hibernate.jdbc.use_streams_for_binary  value true
813    DEBUG 27-abr-2011 08:57:44 [main] ConfigDetail  - section hibernate  key hibernate.max_fetch_depth  value 10
813    DEBUG 27-abr-2011 08:57:44 [main] ConfigDetail  - section hibernate  key hibernate.search.analyzer  value ar.com.mindset.flexy.lucene.SpanishAnalyzer
813    DEBUG 27-abr-2011 08:57:44 [main] ConfigDetail  - section hibernate  key hibernate.search.default.directory_provider  value org.hibernate.search.store.FSDirectoryProvider
813    DEBUG 27-abr-2011 08:57:44 [main] ConfigDetail  - section hibernate  key hibernate.show_sql  value false
828    DEBUG 27-abr-2011 08:57:44 [main] ConfigDetail  - ~! sectionName initialStatements
828    DEBUG 27-abr-2011 08:57:44 [main] ConfigDetail  - section initialStatements  key postPath  value [enviroment]{working.directory}/initialPostScript
828    DEBUG 27-abr-2011 08:57:44 [main] ConfigDetail  - ~ foundMatch 
828    DEBUG 27-abr-2011 08:57:44 [main] ConfigDetail  - ~! rSection enviroment  rKey working.directory
828    DEBUG 27-abr-2011 08:57:44 [main] ConfigDetail  - ~!  rValue work/base
828    DEBUG 27-abr-2011 08:57:44 [main] ConfigDetail  - ~! value work/base/initialPostScript
828    DEBUG 27-abr-2011 08:57:44 [main] ConfigDetail  - ~!resolveSymbolicValues() replace [enviroment]{working.directory}/initialPostScript with work/base/initialPostScript
828    DEBUG 27-abr-2011 08:57:44 [main] org.igfay.jfig.JFigDictionary  - Section initialStatements Key: postPath  Value: work/base/initialPostScript
828    DEBUG 27-abr-2011 08:57:44 [main] ConfigDetail  - section initialStatements  key prevPath  value [enviroment]{working.directory}/initialPrevScript
828    DEBUG 27-abr-2011 08:57:44 [main] ConfigDetail  - ~ foundMatch 
844    DEBUG 27-abr-2011 08:57:44 [main] ConfigDetail  - ~! rSection enviroment  rKey working.directory
844    DEBUG 27-abr-2011 08:57:44 [main] ConfigDetail  - ~!  rValue work/base
844    DEBUG 27-abr-2011 08:57:44 [main] ConfigDetail  - ~! value work/base/initialPrevScript
844    DEBUG 27-abr-2011 08:57:44 [main] ConfigDetail  - ~!resolveSymbolicValues() replace [enviroment]{working.directory}/initialPrevScript with work/base/initialPrevScript
844    DEBUG 27-abr-2011 08:57:44 [main] org.igfay.jfig.JFigDictionary  - Section initialStatements Key: prevPath  Value: work/base/initialPrevScript
844    DEBUG 27-abr-2011 08:57:44 [main] ConfigDetail  - ~! sectionName mailing
844    DEBUG 27-abr-2011 08:57:44 [main] ConfigDetail  - section mailing  key activated  value true
844    DEBUG 27-abr-2011 08:57:44 [main] ConfigDetail  - section mailing  key disabledAccount  value nny.fwk@gmail.com
844    DEBUG 27-abr-2011 08:57:44 [main] ConfigDetail  - section mailing  key from.defaultAddress  value nny.fwk@gmail.com
844    DEBUG 27-abr-2011 08:57:44 [main] ConfigDetail  - section mailing  key from.defaultSender  value NNY
859    DEBUG 27-abr-2011 08:57:44 [main] ConfigDetail  - section mailing  key mail.debug  value true
859    DEBUG 27-abr-2011 08:57:44 [main] ConfigDetail  - section mailing  key mail.smtp.auth  value true
859    DEBUG 27-abr-2011 08:57:44 [main] ConfigDetail  - section mailing  key mail.smtp.host  value smtp.gmail.com
859    DEBUG 27-abr-2011 08:57:44 [main] ConfigDetail  - section mailing  key mail.smtp.port  value 465
859    DEBUG 27-abr-2011 08:57:44 [main] ConfigDetail  - section mailing  key mail.smtp.socketFactory.class  value javax.net.ssl.SSLSocketFactory
859    DEBUG 27-abr-2011 08:57:44 [main] ConfigDetail  - section mailing  key mail.smtp.socketFactory.fallback  value false
859    DEBUG 27-abr-2011 08:57:44 [main] ConfigDetail  - section mailing  key mail.smtp.socketFactory.port  value 465
859    DEBUG 27-abr-2011 08:57:44 [main] ConfigDetail  - section mailing  key password  value sarasaza
859    DEBUG 27-abr-2011 08:57:44 [main] ConfigDetail  - section mailing  key user  value nny.fwk@gmail.com
859    DEBUG 27-abr-2011 08:57:44 [main] ConfigDetail  - ~! sectionName modules
875    DEBUG 27-abr-2011 08:57:44 [main] ConfigDetail  - section modules  key package.prefix  value ar.com.syr.transporte
875    DEBUG 27-abr-2011 08:57:44 [main] ConfigDetail  - ~! sectionName pagination
875    DEBUG 27-abr-2011 08:57:44 [main] ConfigDetail  - section pagination  key MAX_RESULT_PAGE  value 6
875    DEBUG 27-abr-2011 08:57:44 [main] ConfigDetail  - ~! sectionName secureServices
875    DEBUG 27-abr-2011 08:57:44 [main] ConfigDetail  - ~! sectionName webhostResolver
875    DEBUG 27-abr-2011 08:57:44 [main] ConfigDetail  - ~! sectionName webservice
875    DEBUG 27-abr-2011 08:57:44 [main] ConfigDetail  - section webservice  key attachment.directory  value attachments
875    DEBUG 27-abr-2011 08:57:44 [main] ConfigDetail  - section webservice  key attachment.inboundThreshold  value 5000000
875    DEBUG 27-abr-2011 08:57:44 [main] ConfigDetail  - section webservice  key attachment.outboundThreshold  value 5000000
875    DEBUG 27-abr-2011 08:57:44 [main] org.igfay.jfig.JFigParser  - end resolveSymbolicValues()
875    DEBUG 27-abr-2011 08:57:44 [main] org.igfay.jfig.JFigParser  - 
891    DEBUG 27-abr-2011 08:57:44 [main] org.igfay.jfig.JFig  - Complete 
891    DEBUG 27-abr-2011 08:57:44 [main] org.igfay.jfig.JFig  - 
